Arguments: 
  /home/prince/.nvm/versions/node/v15.13.0/bin/node /home/prince/.nvm/versions/node/v15.13.0/bin/yarn add webpack

PATH: 
  /home/prince/.nvm/versions/node/v15.13.0/bin:/home/prince/.local/bin:/usr/local/sbin:/usr/local/bin:/usr/sbin:/usr/bin:/sbin:/bin:/usr/games:/usr/local/games:/snap/bin:/opt/mssql-tools/bin:/opt/mssql-tools/bin

Yarn version: 
  1.22.10

Node version: 
  15.13.0

Platform: 
  linux x64

Trace: 
  Error: getaddrinfo EAI_AGAIN registry.yarnpkg.com
      at GetAddrInfoReqWrap.onlookup [as oncomplete] (node:dns:69:26)

npm manifest: 
  {
    "name": "complex-todo",
    "version": "1.0.0",
    "description": "",
    "main": "index.js",
    "scripts": {
      "test": "echo \"Error: no test specified\" && exit 1"
    },
    "keywords": [],
    "author": "",
    "license": "ISC"
  }

yarn manifest: 
  No manifest

Lockfile: 
  No lockfile
